<?xml version="1.0" encoding="UTF-8"?>
<!-- Generated by org.testng.reporters.JUnitReportReporter -->
<testsuite hostname="DESKTOP-ATPU6BA" failures="0" tests="4" name="pageObjects.demo" time="0.017" errors="0" timestamp="20 Nov 2024 08:14:31 GMT" skipped="0">
  <testcase classname="pageObjects.demo" name="A" time="0.002"/>
  <testcase classname="pageObjects.demo" name="B" time="0.001"/>
  <testcase classname="pageObjects.demo" name="C" time="0.002"/>
  <testcase classname="pageObjects.demo" name="D" time="0.012"/>
</testsuite> <!-- pageObjects.demo -->
