<?xml version="1.0" encoding="UTF-8"?>
<!-- Generated by org.testng.reporters.JUnitReportReporter -->
<testsuite hostname="DESKTOP-ATPU6BA" failures="0" tests="1" name="pageObjects.demo2" time="7.854" errors="0" timestamp="20 Nov 2024 08:20:10 GMT" skipped="0">
  <testcase classname="pageObjects.demo2" name="setup" time="7.854"/>
</testsuite> <!-- pageObjects.demo2 -->
