<?xml version="1.0" encoding="UTF-8"?>
<!-- Generated by org.testng.reporters.JUnitReportReporter -->
<testsuite hostname="DESKTOP-ATPU6BA" failures="0" tests="1" name="testCases.TC002LoginTest" time="1.594" errors="0" timestamp="29 Nov 2024 06:54:15 GMT" skipped="0">
  <testcase classname="testCases.TC002LoginTest" name="Verify_login" time="1.594"/>
</testsuite> <!-- testCases.TC002LoginTest -->
