<?xml version="1.0" encoding="UTF-8"?>
<!-- Generated by org.testng.reporters.JUnitReportReporter -->
<testsuite hostname="DESKTOP-ATPU6BA" failures="0" tests="1" name="testCases.TC001_AccountRigistrationTest" time="2.001" errors="0" timestamp="29 Nov 2024 06:54:15 GMT" skipped="0">
  <testcase classname="testCases.TC001_AccountRigistrationTest" name="verify_account_rigistration" time="2.001"/>
</testsuite> <!-- testCases.TC001_AccountRigistrationTest -->
